[debug] [2022-10-21T16:43:14.925Z] ----------------------------------------------------------------------
[debug] [2022-10-21T16:43:14.927Z] Command:       C:\Program Files\nodejs\node.exe C:\Users\Chandrakant1.G\AppData\Roaming\npm\node_modules\firebase-tools\lib\bin\firebase.js init
[debug] [2022-10-21T16:43:14.927Z] CLI Version:   11.15.0
[debug] [2022-10-21T16:43:14.928Z] Platform:      win32
[debug] [2022-10-21T16:43:14.928Z] Node Version:  v16.15.1
[debug] [2022-10-21T16:43:14.934Z] Time:          Fri Oct 21 2022 22:13:14 GMT+0530 (India Standard Time)
[debug] [2022-10-21T16:43:14.934Z] ----------------------------------------------------------------------
[debug] 
[debug] [2022-10-21T16:43:14.943Z] >>> [apiv2][query] GET https://firebase-public.firebaseio.com/cli.json [none]
[debug] [2022-10-21T16:43:14.977Z] > command requires scopes: ["email","openid","https://www.googleapis.com/auth/cloudplatformprojects.readonly","https://www.googleapis.com/auth/firebase","https://www.googleapis.com/auth/cloud-platform"]
[debug] [2022-10-21T16:43:14.978Z] > authorizing via signed-in user (chandrakantgaikwad6639@gmail.com)
[info] 
     ######## #### ########  ######## ########     ###     ######  ########
     ##        ##  ##     ## ##       ##     ##  ##   ##  ##       ##
     ######    ##  ########  ######   ########  #########  ######  ######
     ##        ##  ##    ##  ##       ##     ## ##     ##       ## ##
     ##       #### ##     ## ######## ########  ##     ##  ######  ########

You're about to initialize a Firebase project in this directory:

  C:\video-app-agora

Before we get started, keep in mind:

  * You are currently outside your home directory

[warn] !  Unable to fetch the CLI MOTD and remote config. 
[debug] [2022-10-21T16:43:20.130Z] Failed to fetch MOTD FirebaseError: Failed to make request to https://firebase-public.firebaseio.com/cli.json
[info] 
=== Project Setup
[info] 
[info] First, let's associate this project directory with a Firebase project.
[info] You can create multiple project aliases by running firebase use --add, 
[info] but for now we'll just set up a default project.
[info] 
[debug] [2022-10-21T16:43:49.334Z] >>> [apiv2][query] GET https://firebase.googleapis.com/v1beta1/projects pageSize=100
[debug] [2022-10-21T16:43:50.006Z] Failed to make request to https://firebase.googleapis.com/v1beta1/projects?pageSize=100
[debug] [2022-10-21T16:43:50.734Z] FirebaseError: Failed to make request to https://firebase.googleapis.com/v1beta1/projects?pageSize=100
    at RetryOperation._fn (C:\Users\Chandrakant1.G\AppData\Roaming\npm\node_modules\firebase-tools\lib\apiv2.js:242:31)
    at processTicksAndRejections (node:internal/process/task_queues:96:5)
[error] 
[error] Error: Failed to list Firebase projects. See firebase-debug.log for more info.
